[debug] [2024-08-10T18:15:03.170Z] ----------------------------------------------------------------------
[debug] [2024-08-10T18:15:03.176Z] Command:       C:\Program Files\nodejs\node.exe C:\Users\hp\AppData\Roaming\npm\node_modules\firebase-tools\lib\bin\firebase.js init
[debug] [2024-08-10T18:15:03.177Z] CLI Version:   13.15.1
[debug] [2024-08-10T18:15:03.177Z] Platform:      win32
[debug] [2024-08-10T18:15:03.177Z] Node Version:  v20.16.0
[debug] [2024-08-10T18:15:03.178Z] Time:          Sat Aug 10 2024 23:45:03 GMT+0530 (India Standard Time)
[debug] [2024-08-10T18:15:03.178Z] ----------------------------------------------------------------------
[debug] 
[debug] [2024-08-10T18:15:03.195Z] > command requires scopes: ["email","openid","https://www.googleapis.com/auth/cloudplatformprojects.readonly","https://www.googleapis.com/auth/firebase","https://www.googleapis.com/auth/cloud-platform"]
[debug] [2024-08-10T18:15:03.196Z] > authorizing via signed-in user (logakrishnadevaraj@gmail.com)
[info] 
     ######## #### ########  ######## ########     ###     ######  ########
     ##        ##  ##     ## ##       ##     ##  ##   ##  ##       ##
     ######    ##  ########  ######   ########  #########  ######  ######
     ##        ##  ##    ##  ##       ##     ## ##     ##       ## ##
     ##       #### ##     ## ######## ########  ##     ##  ######  ########

You're about to initialize a Firebase project in this directory:

  C:\Users\hp\Desktop\Portfolio\portfolio

[info] 
=== Project Setup
[info] 
[info] First, let's associate this project directory with a Firebase project.
[info] You can create multiple project aliases by running firebase use --add, 
[info] but for now we'll just set up a default project.
[info] 
[debug] [2024-08-10T18:16:40.386Z] >>> [apiv2][query] GET https://firebase.googleapis.com/v1beta1/projects pageSize=100
[debug] [2024-08-10T18:16:41.407Z] <<< [apiv2][status] GET https://firebase.googleapis.com/v1beta1/projects 200
[debug] [2024-08-10T18:16:41.408Z] <<< [apiv2][body] GET https://firebase.googleapis.com/v1beta1/projects [omitted]
[info] i  Using project loga-krishna (logakrishna) 
[info] 
=== Hosting Setup
[debug] [2024-08-10T18:16:53.624Z] >>> [apiv2][query] GET https://firebase.googleapis.com/v1beta1/projects/loga-krishna [none]
[debug] [2024-08-10T18:16:54.301Z] <<< [apiv2][status] GET https://firebase.googleapis.com/v1beta1/projects/loga-krishna 200
[debug] [2024-08-10T18:16:54.302Z] <<< [apiv2][body] GET https://firebase.googleapis.com/v1beta1/projects/loga-krishna {"projectId":"loga-krishna","projectNumber":"64778629021","displayName":"logakrishna","name":"projects/loga-krishna","resources":{"hostingSite":"loga-krishna"},"state":"ACTIVE","etag":"1_0b396a81-96b5-4b70-b343-e32d1b9fca55"}
[info] 
[info] Your public directory is the folder (relative to your project directory) that
[info] will contain Hosting assets to be uploaded with firebase deploy. If you
[info] have a build process for your assets, use your build's output directory.
[info] 
[debug] [2024-08-10T18:18:37.176Z] >>> [apiv2][query] GET https://www.gstatic.com/firebasejs/releases.json [none]
[debug] [2024-08-10T18:18:37.254Z] <<< [apiv2][status] GET https://www.gstatic.com/firebasejs/releases.json 200
[debug] [2024-08-10T18:18:37.255Z] <<< [apiv2][body] GET https://www.gstatic.com/firebasejs/releases.json {"current":{"version":"10.12.5","browserURL":"https://www.gstatic.com/firebasejs/10.12.5/firebase.js","packageURL":"https://www.gstatic.com/firebasejs/10.12.5/firebase.tgz"},"live":{"version":"10.12","browserURL":"https://www.gstatic.com/firebasejs/live/10.12/firebase.js","packageURL":"https://www.gstatic.com/firebasejs/live/10.12/firebase.tgz"},"components":{"analytics":"https://www.gstatic.com/firebasejs/10.12.5/firebase-analytics.js","app":"https://www.gstatic.com/firebasejs/10.12.5/firebase-app.js","app-check":"https://www.gstatic.com/firebasejs/10.12.5/firebase-app-check.js","auth":"https://www.gstatic.com/firebasejs/10.12.5/firebase-auth.js","auth/cordova":"https://www.gstatic.com/firebasejs/10.12.5/firebase-auth/cordova.js","auth/web-extension":"https://www.gstatic.com/firebasejs/10.12.5/firebase-auth/web-extension.js","functions":"https://www.gstatic.com/firebasejs/10.12.5/firebase-functions.js","firestore":"https://www.gstatic.com/firebasejs/10.12.5/firebase-firestore.js","firestore/lite":"https://www.gstatic.com/firebasejs/10.12.5/firebase-firestore/lite.js","installations":"https://www.gstatic.com/firebasejs/10.12.5/firebase-installations.js","storage":"https://www.gstatic.com/firebasejs/10.12.5/firebase-storage.js","performance":"https://www.gstatic.com/firebasejs/10.12.5/firebase-performance.js","remote-config":"https://www.gstatic.com/firebasejs/10.12.5/firebase-remote-config.js","messaging":"https://www.gstatic.com/firebasejs/10.12.5/firebase-messaging.js","messaging/sw":"https://www.gstatic.com/firebasejs/10.12.5/firebase-messaging/sw.js","database":"https://www.gstatic.com/firebasejs/10.12.5/firebase-database.js","vertexai-preview":"https://www.gstatic.com/firebasejs/10.12.5/firebase-vertexai-preview.js","firestore.memory":"https://www.gstatic.com/firebasejs/10.12.5/firebase-firestore.memory.js"}}
[info] +  Wrote dist/portfolio/index.html 
[info] 
[info] i  Detected a .git folder at C:\Users\hp\Desktop\Portfolio\portfolio 
[info] i  Authorizing with GitHub to upload your service account to a GitHub repository's secrets store. 
[info] 
[info] Visit this URL on this device to log in:
[info] https://github.com/login/oauth/authorize?client_id=89cf50f02ac6aaed3484&state=211063437&redirect_uri=http%3A%2F%2Flocalhost%3A9005&scope=read%3Auser%20repo%20public_repo
[info] 
[info] Waiting for authentication...
[debug] [2024-08-10T18:19:55.398Z] >>> [apiv2][query] POST https://github.com/login/oauth/access_token [none]
[debug] [2024-08-10T18:19:55.398Z] >>> [apiv2][body] POST https://github.com/login/oauth/access_token [stream]
[debug] [2024-08-10T18:19:55.801Z] <<< [apiv2][status] POST https://github.com/login/oauth/access_token 200
[debug] [2024-08-10T18:19:55.801Z] <<< [apiv2][body] POST https://github.com/login/oauth/access_token {"access_token":"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","token_type":"bearer","scope":"read:user,repo"}
[debug] [2024-08-10T18:19:55.810Z] >>> [apiv2][query] GET https://api.github.com/user [none]
[debug] [2024-08-10T18:19:56.274Z] <<< [apiv2][status] GET https://api.github.com/user 200
[debug] [2024-08-10T18:19:56.274Z] <<< [apiv2][body] GET https://api.github.com/user {"login":"LOGA-KRISHNA","id":130237929,"node_id":"U_kgDOB8NF6Q","avatar_url":"https://avatars.githubusercontent.com/u/130237929?v=4","gravatar_id":"","url":"https://api.github.com/users/LOGA-KRISHNA","html_url":"https://github.com/LOGA-KRISHNA","followers_url":"https://api.github.com/users/LOGA-KRISHNA/followers","following_url":"https://api.github.com/users/LOGA-KRISHNA/following{/other_user}","gists_url":"https://api.github.com/users/LOGA-KRISHNA/gists{/gist_id}","starred_url":"https://api.github.com/users/LOGA-KRISHNA/starred{/owner}{/repo}","subscriptions_url":"https://api.github.com/users/LOGA-KRISHNA/subscriptions","organizations_url":"https://api.github.com/users/LOGA-KRISHNA/orgs","repos_url":"https://api.github.com/users/LOGA-KRISHNA/repos","events_url":"https://api.github.com/users/LOGA-KRISHNA/events{/privacy}","received_events_url":"https://api.github.com/users/LOGA-KRISHNA/received_events","type":"User","site_admin":false,"name":null,"company":null,"blog":"","location":null,"email":null,"hireable":null,"bio":null,"twitter_username":null,"notification_email":null,"public_repos":19,"public_gists":0,"followers":1,"following":1,"created_at":"2023-04-08T15:47:40Z","updated_at":"2024-07-31T16:29:58Z","private_gists":0,"total_private_repos":0,"owned_private_repos":0,"disk_usage":4368,"collaborators":0,"two_factor_authentication":false,"plan":{"name":"free","space":976562499,"collaborators":0,"private_repos":10000}}
[info] 
[info] +  Success! Logged into GitHub as LOGA-KRISHNA 
[info] 
[debug] [2024-08-10T18:20:51.538Z] >>> [apiv2][query] GET https://api.github.com/repos/LOGA-KRISHNA/https://github.com/LOGA-KRISHNA/Portfolio/actions/secrets/public-key type=owner
[debug] [2024-08-10T18:20:51.886Z] <<< [apiv2][status] GET https://api.github.com/repos/LOGA-KRISHNA/https://github.com/LOGA-KRISHNA/Portfolio/actions/secrets/public-key 404
[debug] [2024-08-10T18:20:51.887Z] <<< [apiv2][body] GET https://api.github.com/repos/LOGA-KRISHNA/https://github.com/LOGA-KRISHNA/Portfolio/actions/secrets/public-key {"message":"Not Found","documentation_url":"https://docs.github.com/rest","status":"404"}
[info] 
[info] 
[error] !  The provided authorization cannot be used with this repository. If this repository is in an organization, did you remember to grant access? 
[info] 
[info] i  Action required: Visit this URL to ensure access has been granted to the appropriate organization(s) for the Firebase CLI GitHub OAuth App: 
[info] https://github.com/settings/connections/applications/89cf50f02ac6aaed3484
[info] 
[debug] [2024-08-10T18:20:58.642Z] >>> [apiv2][query] GET https://api.github.com/repos/LOGA-KRISHNA/https://github.com/LOGA-KRISHNA/Portfolio/actions/secrets/public-key type=owner
[debug] [2024-08-10T18:20:59.107Z] <<< [apiv2][status] GET https://api.github.com/repos/LOGA-KRISHNA/https://github.com/LOGA-KRISHNA/Portfolio/actions/secrets/public-key 404
[debug] [2024-08-10T18:20:59.107Z] <<< [apiv2][body] GET https://api.github.com/repos/LOGA-KRISHNA/https://github.com/LOGA-KRISHNA/Portfolio/actions/secrets/public-key {"message":"Not Found","documentation_url":"https://docs.github.com/rest","status":"404"}
[info] 
[info] 
[error] !  The provided authorization cannot be used with this repository. If this repository is in an organization, did you remember to grant access? 
[info] 
[info] i  Action required: Visit this URL to ensure access has been granted to the appropriate organization(s) for the Firebase CLI GitHub OAuth App: 
[info] https://github.com/settings/connections/applications/89cf50f02ac6aaed3484
[info] 
[debug] [2024-08-10T18:22:06.741Z] >>> [apiv2][query] GET https://api.github.com/repos/LOGA-KRISHNA/https://github.com/LOGA-KRISHNA/Portfolio/actions/secrets/public-key type=owner
[debug] [2024-08-10T18:22:07.130Z] <<< [apiv2][status] GET https://api.github.com/repos/LOGA-KRISHNA/https://github.com/LOGA-KRISHNA/Portfolio/actions/secrets/public-key 404
[debug] [2024-08-10T18:22:07.130Z] <<< [apiv2][body] GET https://api.github.com/repos/LOGA-KRISHNA/https://github.com/LOGA-KRISHNA/Portfolio/actions/secrets/public-key {"message":"Not Found","documentation_url":"https://docs.github.com/rest","status":"404"}
[info] 
[info] 
[error] !  The provided authorization cannot be used with this repository. If this repository is in an organization, did you remember to grant access? 
[info] 
[info] i  Action required: Visit this URL to ensure access has been granted to the appropriate organization(s) for the Firebase CLI GitHub OAuth App: 
[info] https://github.com/settings/connections/applications/89cf50f02ac6aaed3484
[info] 
[debug] [2024-08-10T18:22:09.422Z] >>> [apiv2][query] GET https://api.github.com/repos/LOGA-KRISHNA/https://github.com/LOGA-KRISHNA/Portfolioy/actions/secrets/public-key type=owner
[debug] [2024-08-10T18:22:09.713Z] <<< [apiv2][status] GET https://api.github.com/repos/LOGA-KRISHNA/https://github.com/LOGA-KRISHNA/Portfolioy/actions/secrets/public-key 404
[debug] [2024-08-10T18:22:09.713Z] <<< [apiv2][body] GET https://api.github.com/repos/LOGA-KRISHNA/https://github.com/LOGA-KRISHNA/Portfolioy/actions/secrets/public-key {"message":"Not Found","documentation_url":"https://docs.github.com/rest","status":"404"}
[info] 
[info] 
[error] !  The provided authorization cannot be used with this repository. If this repository is in an organization, did you remember to grant access? 
[info] 
[info] i  Action required: Visit this URL to ensure access has been granted to the appropriate organization(s) for the Firebase CLI GitHub OAuth App: 
[info] https://github.com/settings/connections/applications/89cf50f02ac6aaed3484
[info] 
[debug] [2024-08-10T18:22:47.491Z] >>> [apiv2][query] GET https://api.github.com/repos//actions/secrets/public-key type=owner
[debug] [2024-08-10T18:22:47.827Z] <<< [apiv2][status] GET https://api.github.com/repos//actions/secrets/public-key 404
[debug] [2024-08-10T18:22:47.827Z] <<< [apiv2][body] GET https://api.github.com/repos//actions/secrets/public-key {"message":"Not Found","documentation_url":"https://docs.github.com/rest","status":"404"}
[info] 
[info] 
[error] !  The provided authorization cannot be used with this repository. If this repository is in an organization, did you remember to grant access? 
[info] 
[info] i  Action required: Visit this URL to ensure access has been granted to the appropriate organization(s) for the Firebase CLI GitHub OAuth App: 
[info] https://github.com/settings/connections/applications/89cf50f02ac6aaed3484
[info] 
[debug] [2024-08-10T18:22:50.012Z] >>> [apiv2][query] GET https://api.github.com/repos/n/actions/secrets/public-key type=owner
[debug] [2024-08-10T18:22:50.280Z] <<< [apiv2][status] GET https://api.github.com/repos/n/actions/secrets/public-key 404
[debug] [2024-08-10T18:22:50.280Z] <<< [apiv2][body] GET https://api.github.com/repos/n/actions/secrets/public-key {"message":"Not Found","documentation_url":"https://docs.github.com/rest","status":"404"}
[info] 
[info] 
[error] !  The provided authorization cannot be used with this repository. If this repository is in an organization, did you remember to grant access? 
[info] 
[info] i  Action required: Visit this URL to ensure access has been granted to the appropriate organization(s) for the Firebase CLI GitHub OAuth App: 
[info] https://github.com/settings/connections/applications/89cf50f02ac6aaed3484
[info] 
[debug] [2024-08-10T18:22:52.156Z] >>> [apiv2][query] GET https://api.github.com/repos/ny/actions/secrets/public-key type=owner
[debug] [2024-08-10T18:22:52.431Z] <<< [apiv2][status] GET https://api.github.com/repos/ny/actions/secrets/public-key 404
[debug] [2024-08-10T18:22:52.431Z] <<< [apiv2][body] GET https://api.github.com/repos/ny/actions/secrets/public-key {"message":"Not Found","documentation_url":"https://docs.github.com/rest","status":"404"}
[info] 
[info] 
[error] !  The provided authorization cannot be used with this repository. If this repository is in an organization, did you remember to grant access? 
[info] 
[info] i  Action required: Visit this URL to ensure access has been granted to the appropriate organization(s) for the Firebase CLI GitHub OAuth App: 
[info] https://github.com/settings/connections/applications/89cf50f02ac6aaed3484
[info] 
[debug] [2024-08-10T18:22:55.839Z] >>> [apiv2][query] GET https://api.github.com/repos/clear/actions/secrets/public-key type=owner
[debug] [2024-08-10T18:22:56.109Z] <<< [apiv2][status] GET https://api.github.com/repos/clear/actions/secrets/public-key 404
[debug] [2024-08-10T18:22:56.109Z] <<< [apiv2][body] GET https://api.github.com/repos/clear/actions/secrets/public-key {"message":"Not Found","documentation_url":"https://docs.github.com/rest","status":"404"}
[info] 
[info] 
[error] !  The provided authorization cannot be used with this repository. If this repository is in an organization, did you remember to grant access? 
[info] 
[info] i  Action required: Visit this URL to ensure access has been granted to the appropriate organization(s) for the Firebase CLI GitHub OAuth App: 
[info] https://github.com/settings/connections/applications/89cf50f02ac6aaed3484
[info] 
